› Logs for your project will appear below. Press Ctrl+C to exit.
Android Bundled 366ms index.js (971 modules)
 (NOBRIDGE) LOG  Bridgeless mode is enabled
 (NOBRIDGE) LOG  [App] TileManager state: {"error": null, "isLoading": true}
 (NOBRIDGE) LOG  [App] Current styleUri: null
 (NOBRIDGE) LOG  [App] Camera props: {"centerCoordinate": [-73.72826520392081, 45.584043985983], "zoomLevel": 10}
 (NOBRIDGE) LOG  [listenForDriftFiles] Setting up URI listeners, isLoading: true
 INFO  
 💡 JavaScript logs will be removed from Metro in React Native 0.77! Please use React Native DevTools as your default tool. Tip: Type j in the terminal to open (requires Google Chrome or Microsoft Edge).
 (NOBRIDGE) LOG  [TileManager] Processing drift file: file:///data/user/0/com.anonymous.pinpadclientmaplibre/cache/ExponentAsset-841288d5df220654d99cc2fe7616fcd0.drift
 (NOBRIDGE) LOG  [TileManager] Extraction path: file:///data/user/0/com.anonymous.pinpadclientmaplibre/files/pinpad_tiles
 (NOBRIDGE) LOG  [TileManager] Creating extraction directory
 (NOBRIDGE) LOG  [TileManager] Starting file extraction...
 (NOBRIDGE) LOG  [TileManager] Extraction completed in 50ms
 (NOBRIDGE) LOG  [TileManager] Paths configured: {"dataPath": "file:///data/user/0/com.anonymous.pinpadclientmaplibre/files/pinpad_tiles/tiles", "stylePath": "file:///data/user/0/com.anonymous.pinpadclientmaplibre/files/pinpad_tiles/tiles/style.json", "tilesPath": "file:///data/user/0/com.anonymous.pinpadclientmaplibre/files/pinpad_tiles/tiles/data"}
 (NOBRIDGE) LOG  setting centerCoordinate to [lon, lat] =  [-73.72826520392081, 45.584043985983]
 (NOBRIDGE) LOG  [App] TileManager state: {"error": null, "isLoading": false}
 (NOBRIDGE) LOG  [App] Current styleUri: null
 (NOBRIDGE) LOG  [App] Camera props: {"centerCoordinate": [-73.72826520392081, 45.584043985983], "zoomLevel": 10}
 (NOBRIDGE) LOG  [MapContainer] Rendering with: {"cameraProps": {"centerCoordinate": [-73.72826520392081, 45.584043985983], "zoomLevel": 10}, "pinsCount": 0, "styleURL": null}
 (NOBRIDGE) LOG  [listenForDriftFiles] Setting up URI listeners, isLoading: false
 (NOBRIDGE) LOG  [listenForDriftFiles] Checking for initial URL
 (NOBRIDGE) LOG  [listenForDriftFiles] Received URI: exp+pinpad-client-maplibre://expo-development-client/?url=http%3A%2F%2F192.168.1.177%3A8081
 (NOBRIDGE) LOG  [listenForDriftFiles] Processing URI with TileManager
 (NOBRIDGE) LOG  [TileManager] Skipping Expo development client URI: exp+pinpad-client-maplibre://expo-development-client/?url=http%3A%2F%2F192.168.1.177%3A8081
 (NOBRIDGE) LOG  [TileManager] Returning style URI: file:///data/user/0/com.anonymous.pinpadclientmaplibre/files/pinpad_tiles/tiles/style.json
 (NOBRIDGE) LOG  [listenForDriftFiles] Updating style URI: {"baseStyleUri": "file:///data/user/0/com.anonymous.pinpadclientmaplibre/files/pinpad_tiles/tiles/style.json", "version": 1740627367193}
 (NOBRIDGE) LOG  [TileManager] Returning center coordinate: [-73.72826520392081, 45.584043985983]
 (NOBRIDGE) LOG  [listenForDriftFiles] Updating camera position to: [-73.72826520392081, 45.584043985983]
 (NOBRIDGE) LOG  [App] TileManager state: {"error": null, "isLoading": false}
 (NOBRIDGE) LOG  [App] Current styleUri: {"base": "file:///data/user/0/com.anonymous.pinpadclientmaplibre/files/pinpad_tiles/tiles/style.json", "version": 1740627367193}
 (NOBRIDGE) LOG  [App] Camera props: {"animationDuration": 2000, "animationMode": "flyTo", "centerCoordinate": [-73.72826520392081, 45.584043985983], "zoomLevel": 10}
 (NOBRIDGE) LOG  [MapContainer] Rendering with: {"cameraProps": {"animationDuration": 2000, "animationMode": "flyTo", "centerCoordinate": [-73.72826520392081, 45.584043985983], "zoomLevel": 10}, "pinsCount": 0, "styleURL": {"base": "file:///data/user/0/com.anonymous.pinpadclientmaplibre/files/pinpad_tiles/tiles/style.json", "version": 1740627367193}}
 (NOBRIDGE) LOG  [listenForDriftFiles] Received URI: content://com.android.providers.downloads.documents/document/msf%3A1000000018
 (NOBRIDGE) LOG  [listenForDriftFiles] Processing URI with TileManager
 (NOBRIDGE) LOG  [TileManager] Processing drift file: file:///data/user/0/com.anonymous.pinpadclientmaplibre/cache/downloaded.drift
 (NOBRIDGE) LOG  [TileManager] Extraction path: file:///data/user/0/com.anonymous.pinpadclientmaplibre/files/pinpad_tiles
 (NOBRIDGE) LOG  [TileManager] Cleaning up existing tiles
 (NOBRIDGE) LOG  [TileManager] Creating extraction directory
 (NOBRIDGE) LOG  [TileManager] Starting file extraction...
 (NOBRIDGE) LOG  [TileManager] Extraction completed in 1230ms
 (NOBRIDGE) LOG  [TileManager] Paths configured: {"dataPath": "file:///data/user/0/com.anonymous.pinpadclientmaplibre/files/pinpad_tiles/tiles", "stylePath": "file:///data/user/0/com.anonymous.pinpadclientmaplibre/files/pinpad_tiles/tiles/style.json", "tilesPath": "file:///data/user/0/com.anonymous.pinpadclientmaplibre/files/pinpad_tiles/tiles/data"}
 (NOBRIDGE) LOG  setting centerCoordinate to [lon, lat] =  [-84.3837773, 33.7521521]
 (NOBRIDGE) LOG  [TileManager] Returning style URI: file:///data/user/0/com.anonymous.pinpadclientmaplibre/files/pinpad_tiles/tiles/style.json
 (NOBRIDGE) LOG  [listenForDriftFiles] Updating style URI: {"baseStyleUri": "file:///data/user/0/com.anonymous.pinpadclientmaplibre/files/pinpad_tiles/tiles/style.json", "version": 1740627397170}
 (NOBRIDGE) LOG  [TileManager] Returning center coordinate: [-84.3837773, 33.7521521]
 (NOBRIDGE) LOG  [listenForDriftFiles] Updating camera position to: [-84.3837773, 33.7521521]
 (NOBRIDGE) LOG  [App] TileManager state: {"error": null, "isLoading": false}
 (NOBRIDGE) LOG  [App] Current styleUri: {"base": "file:///data/user/0/com.anonymous.pinpadclientmaplibre/files/pinpad_tiles/tiles/style.json", "version": 1740627397170}
 (NOBRIDGE) LOG  [App] Camera props: {"animationDuration": 2000, "animationMode": "flyTo", "centerCoordinate": [-84.3837773, 33.7521521], "zoomLevel": 10}
 (NOBRIDGE) LOG  [MapContainer] Rendering with: {"cameraProps": {"animationDuration": 2000, "animationMode": "flyTo", "centerCoordinate": [-84.3837773, 33.7521521], "zoomLevel": 10}, "pinsCount": 0, "styleURL": {"base": "file:///data/user/0/com.anonymous.pinpadclientmaplibre/files/pinpad_tiles/tiles/style.json", "version": 1740627397170}}
