› Logs for your project will appear below. Press Ctrl+C to exit.
iOS Bundled 376ms index.js (948 modules)
 (NOBRIDGE) LOG  Bridgeless mode is enabled
 INFO  
 💡 JavaScript logs will be removed from Metro in React Native 0.77! Please use React Native DevTools as your default tool. Tip: Type j in the terminal to open (requires Google Chrome or Microsoft Edge).
 (NOBRIDGE) LOG  [App] TileManager state: {"error": null, "isLoading": true}
 (NOBRIDGE) LOG  [App] Current styleUri: null
 (NOBRIDGE) LOG  [App] Camera props: {"centerCoordinate": [-73.72826520392081, 45.584043985983], "zoomLevel": 10}
 (NOBRIDGE) LOG  [listenForDriftFiles] Setting up URI listeners, isLoading: true
 (NOBRIDGE) LOG  [TileManager] Processing drift file: file:///Users/cody/Library/Developer/CoreSimulator/Devices/16C8670B-D471-40E3-B46F-C7740B5E502E/data/Containers/Data/Application/BA62505C-C73A-4A64-B331-E0F9ED579B0C/Library/Caches/ExponentAsset-841288d5df220654d99cc2fe7616fcd0.drift
 (NOBRIDGE) LOG  [TileManager] Extraction path: file:///Users/cody/Library/Developer/CoreSimulator/Devices/16C8670B-D471-40E3-B46F-C7740B5E502E/data/Containers/Data/Application/BA62505C-C73A-4A64-B331-E0F9ED579B0C/Documents/pinpad_tiles
 (NOBRIDGE) LOG  [TileManager] Creating extraction directory
 (NOBRIDGE) LOG  [TileManager] Starting file extraction...
 (NOBRIDGE) LOG  [TileManager] Extraction completed in 34ms
 (NOBRIDGE) LOG  [TileManager] Paths configured: {"dataPath": "file:///Users/cody/Library/Developer/CoreSimulator/Devices/16C8670B-D471-40E3-B46F-C7740B5E502E/data/Containers/Data/Application/BA62505C-C73A-4A64-B331-E0F9ED579B0C/Documents/pinpad_tiles/tiles", "stylePath": "file:///Users/cody/Library/Developer/CoreSimulator/Devices/16C8670B-D471-40E3-B46F-C7740B5E502E/data/Containers/Data/Application/BA62505C-C73A-4A64-B331-E0F9ED579B0C/Documents/pinpad_tiles/tiles/style.json", "tilesPath": "file:///Users/cody/Library/Developer/CoreSimulator/Devices/16C8670B-D471-40E3-B46F-C7740B5E502E/data/Containers/Data/Application/BA62505C-C73A-4A64-B331-E0F9ED579B0C/Documents/pinpad_tiles/tiles/data"}
 (NOBRIDGE) LOG  setting centerCoordinate to [lon, lat] =  [-73.72826520392081, 45.584043985983]
 (NOBRIDGE) LOG  [App] TileManager state: {"error": null, "isLoading": false}
 (NOBRIDGE) LOG  [App] Current styleUri: null
 (NOBRIDGE) LOG  [App] Camera props: {"centerCoordinate": [-73.72826520392081, 45.584043985983], "zoomLevel": 10}
 (NOBRIDGE) LOG  [MapContainer] Rendering with: {"cameraProps": {"centerCoordinate": [-73.72826520392081, 45.584043985983], "zoomLevel": 10}, "pinsCount": 0, "styleURL": null}
 (NOBRIDGE) LOG  [listenForDriftFiles] Setting up URI listeners, isLoading: false
 (NOBRIDGE) LOG  [listenForDriftFiles] Checking for initial URL
 (NOBRIDGE) LOG  [listenForDriftFiles] Received URI: null
 (NOBRIDGE) LOG  [listenForDriftFiles] Empty URI received, skipping
[libCoreFSCache.dylib] fopen failed for data file: errno = 2 (No such file or directory)
[libCoreFSCache.dylib] Errors found! Invalidating cache...
[libCoreFSCache.dylib] fopen failed for data file: errno = 2 (No such file or directory)
[libCoreFSCache.dylib] Errors found! Invalidating cache...